Base path: '/Applications/Unity/Hub/Editor/2019.2.17f1/Unity.app/Contents', plugins path '/Applications/Unity/Hub/Editor/2019.2.17f1/PlaybackEngines'
Cmd: initializeCompiler
Cmd: compileSnippet
  api=14 type=0 insize=8313 outsize=6408 kw=UNITY_PASS_SHADOWCASTER SHADOWS_DEPTH pd=UNITY_ENABLE_REFLECTION_BUFFERS UNITY_USE_DITHER_MASK_FOR_ALPHABLENDED_SHADOWS UNITY_PBS_USE_BRDF1 UNITY_SPECCUBE_BOX_PROJECTION UNITY_SPECCUBE_BLENDING UNITY_ENABLE_DETAIL_NORMALMAP SHADER_API_DESKTOP UNITY_COLORSPACE_GAMMA UNITY_LIGHT_PROBE_PROXY_VOLUME UNITY_LIGHTMAP_FULL_HDR ok=1
Cmd: compileSnippet
  api=14 type=1 insize=11846 outsize=11914 kw=SHADOWS_SPLIT_SPHERES pd=UNITY_ENABLE_REFLECTION_BUFFERS UNITY_USE_DITHER_MASK_FOR_ALPHABLENDED_SHADOWS UNITY_PBS_USE_BRDF1 UNITY_SPECCUBE_BOX_PROJECTION UNITY_SPECCUBE_BLENDING UNITY_ENABLE_DETAIL_NORMALMAP SHADER_API_DESKTOP UNITY_COLORSPACE_GAMMA UNITY_LIGHT_PROBE_PROXY_VOLUME UNITY_LIGHTMAP_FULL_HDR ok=1
Cmd: compileSnippet
  api=14 type=0 insize=158683 outsize=2929 kw=UNITY_PASS_FORWARDBASE DIRECTIONAL LIGHTPROBE_SH pd=UNITY_ENABLE_REFLECTION_BUFFERS UNITY_USE_DITHER_MASK_FOR_ALPHABLENDED_SHADOWS UNITY_PBS_USE_BRDF1 UNITY_SPECCUBE_BOX_PROJECTION UNITY_SPECCUBE_BLENDING UNITY_ENABLE_DETAIL_NORMALMAP SHADER_API_DESKTOP UNITY_COLORSPACE_GAMMA UNITY_LIGHT_PROBE_PROXY_VOLUME UNITY_LIGHTMAP_FULL_HDR ok=1
Cmd: compileSnippet
  api=14 type=0 insize=20676 outsize=2929 kw=UNITY_PASS_FORWARDBASE DIRECTIONAL LIGHTPROBE_SH pd=UNITY_ENABLE_REFLECTION_BUFFERS UNITY_USE_DITHER_MASK_FOR_ALPHABLENDED_SHADOWS UNITY_PBS_USE_BRDF1 UNITY_SPECCUBE_BOX_PROJECTION UNITY_SPECCUBE_BLENDING UNITY_ENABLE_DETAIL_NORMALMAP SHADER_API_DESKTOP UNITY_COLORSPACE_GAMMA UNITY_LIGHT_PROBE_PROXY_VOLUME UNITY_LIGHTMAP_FULL_HDR ok=1
Cmd: compileSnippet
  api=14 type=1 insize=158683 outsize=13266 kw=UNITY_PASS_FORWARDBASE DIRECTIONAL LIGHTMAP_ON DIRLIGHTMAP_COMBINED SHADOWS_SHADOWMASK pd=UNITY_ENABLE_REFLECTION_BUFFERS UNITY_USE_DITHER_MASK_FOR_ALPHABLENDED_SHADOWS UNITY_PBS_USE_BRDF1 UNITY_SPECCUBE_BOX_PROJECTION UNITY_SPECCUBE_BLENDING UNITY_ENABLE_DETAIL_NORMALMAP SHADER_API_DESKTOP UNITY_COLORSPACE_GAMMA UNITY_LIGHT_PROBE_PROXY_VOLUME UNITY_LIGHTMAP_FULL_HDR ok=1
Cmd: compileSnippet
  api=14 type=1 insize=20676 outsize=11007 kw=UNITY_PASS_FORWARDBASE DIRECTIONAL LIGHTMAP_ON DIRLIGHTMAP_COMBINED SHADOWS_SHADOWMASK pd=UNITY_ENABLE_REFLECTION_BUFFERS UNITY_USE_DITHER_MASK_FOR_ALPHABLENDED_SHADOWS UNITY_PBS_USE_BRDF1 UNITY_SPECCUBE_BOX_PROJECTION UNITY_SPECCUBE_BLENDING UNITY_ENABLE_DETAIL_NORMALMAP SHADER_API_DESKTOP UNITY_COLORSPACE_GAMMA UNITY_LIGHT_PROBE_PROXY_VOLUME UNITY_LIGHTMAP_FULL_HDR ok=1
Cmd: compileSnippet
  api=14 type=1 insize=158683 outsize=14447 kw=UNITY_PASS_FORWARDBASE DIRECTIONAL SHADOWS_SCREEN LIGHTMAP_ON DIRLIGHTMAP_COMBINED SHADOWS_SHADOWMASK pd=UNITY_ENABLE_REFLECTION_BUFFERS UNITY_USE_DITHER_MASK_FOR_ALPHABLENDED_SHADOWS UNITY_PBS_USE_BRDF1 UNITY_SPECCUBE_BOX_PROJECTION UNITY_SPECCUBE_BLENDING UNITY_ENABLE_DETAIL_NORMALMAP SHADER_API_DESKTOP UNITY_COLORSPACE_GAMMA UNITY_LIGHT_PROBE_PROXY_VOLUME UNITY_LIGHTMAP_FULL_HDR ok=1
Cmd: initializeCompiler
Cmd: compileComputeKernel
  api=14 insize=839 outsize=1021 ok=1
Cmd: translateComputeKernel
  api=14 insize=1188 outsize=1108 ok=1
Cmd: compileComputeKernel
  api=14 insize=1250 outsize=2266 ok=1
Cmd: translateComputeKernel
  api=14 insize=2266 outsize=2684 ok=1
Cmd: translateComputeKernel
  api=14 insize=1479 outsize=1659 ok=1
Cmd: compileComputeKernel
  api=14 insize=2529 outsize=8539 ok=1
Cmd: translateComputeKernel
  api=14 insize=8539 outsize=12864 ok=1
Cmd: compileSnippet
  api=14 type=0 insize=20676 outsize=4839 kw=UNITY_PASS_FORWARDBASE DIRECTIONAL LIGHTMAP_ON DIRLIGHTMAP_COMBINED SHADOWS_SHADOWMASK INSTANCING_ON pd=UNITY_ENABLE_REFLECTION_BUFFERS UNITY_USE_DITHER_MASK_FOR_ALPHABLENDED_SHADOWS UNITY_PBS_USE_BRDF1 UNITY_SPECCUBE_BOX_PROJECTION UNITY_SPECCUBE_BLENDING UNITY_ENABLE_DETAIL_NORMALMAP SHADER_API_DESKTOP UNITY_COLORSPACE_GAMMA UNITY_LIGHT_PROBE_PROXY_VOLUME UNITY_LIGHTMAP_FULL_HDR ok=1
Cmd: compileSnippet
  api=14 type=1 insize=20676 outsize=14572 kw=UNITY_PASS_FORWARDBASE DIRECTIONAL LIGHTPROBE_SH INSTANCING_ON pd=UNITY_ENABLE_REFLECTION_BUFFERS UNITY_USE_DITHER_MASK_FOR_ALPHABLENDED_SHADOWS UNITY_PBS_USE_BRDF1 UNITY_SPECCUBE_BOX_PROJECTION UNITY_SPECCUBE_BLENDING UNITY_ENABLE_DETAIL_NORMALMAP SHADER_API_DESKTOP UNITY_COLORSPACE_GAMMA UNITY_LIGHT_PROBE_PROXY_VOLUME UNITY_LIGHTMAP_FULL_HDR ok=1
Cmd: compileSnippet
  api=14 type=0 insize=158683 outsize=5145 kw=UNITY_PASS_FORWARDBASE DIRECTIONAL LIGHTPROBE_SH INSTANCING_ON pd=UNITY_ENABLE_REFLECTION_BUFFERS UNITY_USE_DITHER_MASK_FOR_ALPHABLENDED_SHADOWS UNITY_PBS_USE_BRDF1 UNITY_SPECCUBE_BOX_PROJECTION UNITY_SPECCUBE_BLENDING UNITY_ENABLE_DETAIL_NORMALMAP SHADER_API_DESKTOP UNITY_COLORSPACE_GAMMA UNITY_LIGHT_PROBE_PROXY_VOLUME UNITY_LIGHTMAP_FULL_HDR ok=1
Cmd: compileSnippet
  api=14 type=0 insize=1591 outsize=4933 kw=UNITY_PASS_FORWARDBASE DIRECTIONAL SHADOWS_SCREEN LIGHTPROBE_SH _EMISSION _NORMALMAP pd=UNITY_ENABLE_REFLECTION_BUFFERS UNITY_USE_DITHER_MASK_FOR_ALPHABLENDED_SHADOWS UNITY_PBS_USE_BRDF1 UNITY_SPECCUBE_BOX_PROJECTION UNITY_SPECCUBE_BLENDING UNITY_ENABLE_DETAIL_NORMALMAP SHADER_API_DESKTOP UNITY_COLORSPACE_GAMMA UNITY_LIGHT_PROBE_PROXY_VOLUME UNITY_LIGHTMAP_FULL_HDR ok=1
Cmd: compileSnippet
  api=14 type=0 insize=158683 outsize=5395 kw=UNITY_PASS_FORWARDBASE DIRECTIONAL SHADOWS_SCREEN LIGHTPROBE_SH INSTANCING_ON pd=UNITY_ENABLE_REFLECTION_BUFFERS UNITY_USE_DITHER_MASK_FOR_ALPHABLENDED_SHADOWS UNITY_PBS_USE_BRDF1 UNITY_SPECCUBE_BOX_PROJECTION UNITY_SPECCUBE_BLENDING UNITY_ENABLE_DETAIL_NORMALMAP SHADER_API_DESKTOP UNITY_COLORSPACE_GAMMA UNITY_LIGHT_PROBE_PROXY_VOLUME UNITY_LIGHTMAP_FULL_HDR ok=1
Cmd: compileSnippet
  api=14 type=0 insize=11846 outsize=2664 kw=SHADOWS_SPLIT_SPHERES SHADOWS_SINGLE_CASCADE pd=UNITY_ENABLE_REFLECTION_BUFFERS UNITY_USE_DITHER_MASK_FOR_ALPHABLENDED_SHADOWS UNITY_PBS_USE_BRDF1 UNITY_SPECCUBE_BOX_PROJECTION UNITY_SPECCUBE_BLENDING UNITY_ENABLE_DETAIL_NORMALMAP SHADER_API_DESKTOP UNITY_COLORSPACE_GAMMA UNITY_LIGHT_PROBE_PROXY_VOLUME UNITY_LIGHTMAP_FULL_HDR ok=1
Cmd: compileSnippet
  api=14 type=1 insize=70915 outsize=535 kw=UNITY_PASS_SHADOWCASTER SHADOWS_DEPTH INSTANCING_ON _NORMALMAP pd=UNITY_ENABLE_REFLECTION_BUFFERS UNITY_USE_DITHER_MASK_FOR_ALPHABLENDED_SHADOWS UNITY_PBS_USE_BRDF1 UNITY_SPECCUBE_BOX_PROJECTION UNITY_SPECCUBE_BLENDING UNITY_ENABLE_DETAIL_NORMALMAP SHADER_API_DESKTOP UNITY_COLORSPACE_GAMMA UNITY_LIGHT_PROBE_PROXY_VOLUME UNITY_LIGHTMAP_FULL_HDR ok=1
Cmd: compileSnippet
  api=14 type=1 insize=158683 outsize=19933 kw=UNITY_PASS_FORWARDBASE DIRECTIONAL LIGHTPROBE_SH INSTANCING_ON _NORMALMAP pd=UNITY_ENABLE_REFLECTION_BUFFERS UNITY_USE_DITHER_MASK_FOR_ALPHABLENDED_SHADOWS UNITY_PBS_USE_BRDF1 UNITY_SPECCUBE_BOX_PROJECTION UNITY_SPECCUBE_BLENDING UNITY_ENABLE_DETAIL_NORMALMAP SHADER_API_DESKTOP UNITY_COLORSPACE_GAMMA UNITY_LIGHT_PROBE_PROXY_VOLUME UNITY_LIGHTMAP_FULL_HDR ok=1
Cmd: initializeCompiler
Cmd: compileComputeKernel
  api=14 insize=15806 outsize=109864 ok=1
Cmd: compileComputeKernel
  api=14 insize=15806 outsize=23438 ok=1
Cmd: compileComputeKernel
  api=14 insize=15806 outsize=32065 ok=1
Cmd: compileComputeKernel
  api=14 insize=15806 outsize=58015 ok=1
Cmd: compileComputeKernel
  api=14 insize=15806 outsize=52697 ok=1
Cmd: compileComputeKernel
  api=14 insize=15806 outsize=60548 ok=1
Cmd: compileComputeKernel
  api=14 insize=15806 outsize=43720 ok=1
Cmd: compileComputeKernel
  api=14 insize=15806 outsize=80607 ok=1
Cmd: compileComputeKernel
  api=14 insize=15806 outsize=60492 ok=1
Cmd: compileComputeKernel
  api=14 insize=15806 outsize=112512 ok=1
Cmd: compileComputeKernel
  api=14 insize=15806 outsize=62413 ok=1
Cmd: compileComputeKernel
  api=14 insize=15806 outsize=45373 ok=1
Cmd: compileComputeKernel
  api=14 insize=15806 outsize=83036 ok=1
Cmd: compileComputeKernel
  api=14 insize=15806 outsize=45341 ok=1
Cmd: compileComputeKernel
  api=14 insize=15806 outsize=82792 ok=1
Cmd: translateComputeKernel
  api=14 insize=112883 outsize=254064 ok=1
Cmd: translateComputeKernel
  api=14 insize=42256 outsize=75902 ok=1
Cmd: translateComputeKernel
  api=14 insize=54865 outsize=106958 ok=1
Cmd: translateComputeKernel
  api=14 insize=53464 outsize=107732 ok=1
Cmd: translateComputeKernel
  api=14 insize=44431 outsize=81227 ok=1
Cmd: translateComputeKernel
  api=14 insize=61116 outsize=126443 ok=1
Cmd: translateComputeKernel
  api=14 insize=57558 outsize=111912 ok=1
Cmd: translateComputeKernel
  api=14 insize=68629 outsize=139480 ok=1
Cmd: translateComputeKernel
  api=14 insize=49703 outsize=92799 ok=1
Cmd: translateComputeKernel
  api=14 insize=57330 outsize=111363 ok=1
Cmd: translateComputeKernel
  api=14 insize=24765 outsize=34579 ok=1
Cmd: translateComputeKernel
  api=14 insize=25899 outsize=37079 ok=1
Cmd: translateComputeKernel
  api=14 insize=33203 outsize=53189 ok=1
Cmd: translateComputeKernel
  api=14 insize=49035 outsize=93666 ok=1
Cmd: translateComputeKernel
  api=14 insize=61313 outsize=124568 ok=1
Cmd: translateComputeKernel
  api=14 insize=55393 outsize=113669 ok=1
Cmd: translateComputeKernel
  api=14 insize=46092 outsize=86209 ok=1
Cmd: translateComputeKernel
  api=14 insize=51776 outsize=98828 ok=1
Cmd: translateComputeKernel
  api=14 insize=63742 outsize=129127 ok=1
Cmd: translateComputeKernel
  api=14 insize=83823 outsize=179037 ok=1
Cmd: translateComputeKernel
  api=14 insize=51476 outsize=98455 ok=1
Cmd: translateComputeKernel
  api=14 insize=59123 outsize=117170 ok=1
Cmd: compileComputeKernel
  api=14 insize=26390 outsize=15663 ok=1
Cmd: compileComputeKernel
  api=14 insize=26390 outsize=17903 ok=1
Cmd: compileComputeKernel
  api=14 insize=26390 outsize=18087 ok=1
Cmd: translateComputeKernel
  api=14 insize=17507 outsize=34076 ok=1
Cmd: translateComputeKernel
  api=14 insize=17711 outsize=34524 ok=1
Cmd: compileComputeKernel
  api=14 insize=3927 outsize=9896 ok=1
Cmd: translateComputeKernel
  api=14 insize=9896 outsize=2945 ok=1
Cmd: translateComputeKernel
  api=14 insize=14063 outsize=12414 ok=1
Cmd: translateComputeKernel
  api=14 insize=11207 outsize=6277 ok=1
Cmd: compileComputeKernel
  api=14 insize=1372 outsize=1246 ok=1
Cmd: translateComputeKernel
  api=14 insize=1312 outsize=1327 ok=1
Cmd: compileComputeKernel
  api=14 insize=11565 outsize=14169 ok=1
Cmd: translateComputeKernel
  api=14 insize=14169 outsize=11937 ok=1
Cmd: compileComputeKernel
  api=14 insize=9590 outsize=15281 ok=1
Cmd: compileComputeKernel
  api=14 insize=9590 outsize=11818 ok=1
Cmd: translateComputeKernel
  api=14 insize=9799 outsize=13917 ok=1
Cmd: translateComputeKernel
  api=14 insize=9806 outsize=13924 ok=1
Cmd: translateComputeKernel
  api=14 insize=11818 outsize=17583 ok=1
Cmd: compileComputeKernel
  api=14 insize=9730 outsize=11974 ok=1
Cmd: translateComputeKernel
  api=14 insize=1038 outsize=862 ok=1
Cmd: compileComputeKernel
  api=14 insize=4133 outsize=13547 ok=1
Cmd: translateComputeKernel
  api=14 insize=13547 outsize=9423 ok=1
Cmd: compileComputeKernel
  api=14 insize=5067 outsize=11396 ok=1
Cmd: translateComputeKernel
  api=14 insize=10495 outsize=4181 ok=1
Cmd: compileComputeKernel
  api=14 insize=12177 outsize=2075 ok=1
Cmd: translateComputeKernel
  api=14 insize=2002 outsize=2317 ok=1
Cmd: compileComputeKernel
  api=14 insize=7611 outsize=1870 ok=1
Cmd: compileComputeKernel
  api=14 insize=7611 outsize=1881 ok=1
Cmd: translateComputeKernel
  api=14 insize=1870 outsize=2326 ok=1
Cmd: translateComputeKernel
  api=14 insize=1881 outsize=2337 ok=1
Cmd: compileComputeKernel
  api=14 insize=3154 outsize=2715 ok=1
Cmd: translateComputeKernel
  api=14 insize=2715 outsize=4646 ok=1
Cmd: translateComputeKernel
  api=14 insize=12009 outsize=24524 ok=1
Cmd: compileComputeKernel
  api=14 insize=13984 outsize=10554 ok=1
Cmd: translateComputeKernel
  api=14 insize=4595 outsize=8237 ok=1
Cmd: compileComputeKernel
  api=14 insize=22088 outsize=15931 ok=1
Cmd: compileComputeKernel
  api=14 insize=22088 outsize=16579 ok=1
Cmd: translateComputeKernel
  api=14 insize=17022 outsize=34814 ok=1
Cmd: translateComputeKernel
  api=14 insize=17099 outsize=34854 ok=1
Cmd: compileComputeKernel
  api=14 insize=7702 outsize=16552 ok=1
Cmd: translateComputeKernel
  api=14 insize=16552 outsize=15634 ok=1
Cmd: compileComputeKernel
  api=14 insize=3111 outsize=2803 ok=1
Cmd: translateComputeKernel
  api=14 insize=2800 outsize=4891 ok=1
Cmd: compileComputeKernel
  api=14 insize=8163 outsize=10129 ok=1
Cmd: translateComputeKernel
  api=14 insize=14158 outsize=16231 ok=1
Cmd: translateComputeKernel
  api=14 insize=7441 outsize=12951 ok=1
Cmd: compileComputeKernel
  api=14 insize=21149 outsize=103317 ok=1
Cmd: translateComputeKernel
  api=14 insize=35589 outsize=60661 ok=1
Cmd: compileComputeKernel
  api=14 insize=37247 outsize=48096 ok=1
Cmd: compileComputeKernel
  api=14 insize=37247 outsize=50478 ok=1
Cmd: compileComputeKernel
  api=14 insize=37247 outsize=49002 ok=1
Cmd: compileComputeKernel
  api=14 insize=37247 outsize=50478 ok=1
Cmd: translateComputeKernel
  api=14 insize=49136 outsize=95311 ok=1
Cmd: translateComputeKernel
  api=14 insize=50521 outsize=98943 ok=1
Cmd: translateComputeKernel
  api=14 insize=49136 outsize=95311 ok=1
Cmd: translateComputeKernel
  api=14 insize=50521 outsize=98943 ok=1
Cmd: compileComputeKernel
  api=14 insize=17989 outsize=16792 ok=1
Cmd: translateComputeKernel
  api=14 insize=16880 outsize=17596 ok=1
Cmd: compileComputeKernel
  api=14 insize=5190 outsize=13069 ok=1
Cmd: translateComputeKernel
  api=14 insize=9769 outsize=2995 ok=1
Cmd: translateComputeKernel
  api=14 insize=11218 outsize=5232 ok=1
Cmd: translateComputeKernel
  api=14 insize=1533 outsize=1757 ok=1
Cmd: translateComputeKernel
  api=14 insize=632 outsize=520 ok=1
Cmd: compileComputeKernel
  api=14 insize=2684 outsize=2632 ok=1
Cmd: translateComputeKernel
  api=14 insize=2632 outsize=6216 ok=1
Cmd: compileComputeKernel
  api=14 insize=10127 outsize=5019 ok=1
Cmd: translateComputeKernel
  api=14 insize=4699 outsize=8804 ok=1
Cmd: compileComputeKernel
  api=14 insize=3382 outsize=12044 ok=1
Cmd: translateComputeKernel
  api=14 insize=12044 outsize=7395 ok=1
Cmd: compileComputeKernel
  api=14 insize=7903 outsize=14538 ok=1
Cmd: compileComputeKernel
  api=14 insize=7903 outsize=16934 ok=1
Cmd: translateComputeKernel
  api=14 insize=12467 outsize=6687 ok=1
Cmd: translateComputeKernel
  api=14 insize=13619 outsize=8681 ok=1
Cmd: compileComputeKernel
  api=14 insize=4037 outsize=11722 ok=1
Cmd: translateComputeKernel
  api=14 insize=11722 outsize=5994 ok=1
Cmd: compileComputeKernel
  api=14 insize=18083 outsize=13600 ok=1
Cmd: translateComputeKernel
  api=14 insize=1527 outsize=1349 ok=1
Cmd: translateComputeKernel
  api=14 insize=13468 outsize=10084 ok=1
Cmd: translateComputeKernel
  api=14 insize=1525 outsize=1410 ok=1
Cmd: translateComputeKernel
  api=14 insize=5024 outsize=9032 ok=1
Cmd: translateComputeKernel
  api=14 insize=991 outsize=1534 ok=1
Cmd: compileSnippet
  api=14 type=0 insize=3012 outsize=3881 kw= pd=UNITY_ENABLE_REFLECTION_BUFFERS UNITY_USE_DITHER_MASK_FOR_ALPHABLENDED_SHADOWS UNITY_PBS_USE_BRDF1 UNITY_SPECCUBE_BOX_PROJECTION UNITY_SPECCUBE_BLENDING UNITY_ENABLE_DETAIL_NORMALMAP SHADER_API_DESKTOP UNITY_COLORSPACE_GAMMA UNITY_LIGHT_PROBE_PROXY_VOLUME UNITY_LIGHTMAP_FULL_HDR ok=1
Cmd: compileSnippet
  api=14 type=0 insize=1684 outsize=2727 kw= pd=UNITY_ENABLE_REFLECTION_BUFFERS UNITY_USE_DITHER_MASK_FOR_ALPHABLENDED_SHADOWS UNITY_PBS_USE_BRDF1 UNITY_SPECCUBE_BOX_PROJECTION UNITY_SPECCUBE_BLENDING UNITY_ENABLE_DETAIL_NORMALMAP SHADER_API_DESKTOP UNITY_COLORSPACE_GAMMA UNITY_LIGHT_PROBE_PROXY_VOLUME UNITY_LIGHTMAP_FULL_HDR ok=1
Cmd: compileSnippet
  api=14 type=0 insize=40699 outsize=6614 kw=UNITY_PASS_FORWARDBASE DIRECTIONAL SHADOWS_SCREEN LIGHTPROBE_SH BILLBOARD_FACE_CAMERA_POS pd=UNITY_ENABLE_REFLECTION_BUFFERS UNITY_USE_DITHER_MASK_FOR_ALPHABLENDED_SHADOWS UNITY_PBS_USE_BRDF1 UNITY_SPECCUBE_BOX_PROJECTION UNITY_SPECCUBE_BLENDING UNITY_ENABLE_DETAIL_NORMALMAP SHADER_API_DESKTOP UNITY_COLORSPACE_GAMMA UNITY_LIGHT_PROBE_PROXY_VOLUME UNITY_LIGHTMAP_FULL_HDR ok=1
Cmd: compileSnippet
  api=14 type=1 insize=38343 outsize=7554 kw=UNITY_PASS_FORWARDBASE DIRECTIONAL SHADOWS_SCREEN LIGHTPROBE_SH BILLBOARD_FACE_CAMERA_POS pd=UNITY_ENABLE_REFLECTION_BUFFERS UNITY_USE_DITHER_MASK_FOR_ALPHABLENDED_SHADOWS UNITY_PBS_USE_BRDF1 UNITY_SPECCUBE_BOX_PROJECTION UNITY_SPECCUBE_BLENDING UNITY_ENABLE_DETAIL_NORMALMAP SHADER_API_DESKTOP UNITY_COLORSPACE_GAMMA UNITY_LIGHT_PROBE_PROXY_VOLUME UNITY_LIGHTMAP_FULL_HDR ok=1
